<?xml version="1.0" encoding="UTF-8"?>
<testsuite name="models.WildlifeTest" tests="4" skipped="0" failures="0" errors="0" timestamp="2021-08-18T19:35:57" hostname="karuu-HP-EliteBook-8470p" time="0.018">
  <properties/>
  <testcase name="GetAgeOfWildlifeAnimalInstantiatesCoreectly_true()" classname="models.WildlifeTest" time="0.003"/>
  <testcase name="GetNameOfWildlifeAnimalInstantiatesCorrectly()" classname="models.WildlifeTest" time="0.003"/>
  <testcase name="GetObjectsInstantiatesCorrectly_true()" classname="models.WildlifeTest" time="0.002"/>
  <testcase name="GetHealthOfWildlifeAnimalInstantiatesCorrectly()" classname="models.WildlifeTest" time="0.002"/>
  <system-out><![CDATA[]]></system-out>
  <system-err><![CDATA[]]></system-err>
</testsuite>
