<?xml version="1.0" encoding="UTF-8"?>
<testsuite name="models.AnimalSightingTest" tests="7" skipped="0" failures="0" errors="0" timestamp="2021-08-19T16:56:24" hostname="karuu-HP-EliteBook-8470p" time="0.026">
  <properties/>
  <testcase name="GetRangerNameInstantiatesCorrectly()" classname="models.AnimalSightingTest" time="0.004"/>
  <testcase name="GetAgeOfAnimalSpotted()" classname="models.AnimalSightingTest" time="0.003"/>
  <testcase name="GetHealthOfSpottedAnimal()" classname="models.AnimalSightingTest" time="0.001"/>
  <testcase name="GetAndInstantiatesAllObjectsTrueAndCorrectly()" classname="models.AnimalSightingTest" time="0.002"/>
  <testcase name="GetLocationOfAnimalSpotted()" classname="models.AnimalSightingTest" time="0.002"/>
  <testcase name="GetSpeciesOfAnimalInstantiatesCorrectly()" classname="models.AnimalSightingTest" time="0.002"/>
  <testcase name="GetNameInstantiatesCorrectlyWithStringReturn_true()" classname="models.AnimalSightingTest" time="0.001"/>
  <system-out><![CDATA[]]></system-out>
  <system-err><![CDATA[]]></system-err>
</testsuite>
